2022-11-15 23:22:07.709  INFO 5848 --- [main] c.f.springmvcboot.SpringMvcApplication   : Starting SpringMvcApplication using Java 18.0.1 on innovwelt with PID 5848 (C:\Users\dines\Documents\workspace-spring-tool-suite-4-4.16.0.RELEASE\SpringMVC\target\classes started by dines in C:\Users\dines\Documents\workspace-spring-tool-suite-4-4.16.0.RELEASE\SpringMVC)
2022-11-15 23:22:07.715  INFO 5848 --- [main] c.f.springmvcboot.SpringMvcApplication   : No active profile set, falling back to 1 default profile: "default"
2022-11-15 23:22:08.864  INFO 5848 --- [main] .s.d.r.c.RepositoryConfigurationDelegate : Bootstrapping Spring Data JPA repositories in DEFAULT mode.
2022-11-15 23:22:08.957  INFO 5848 --- [main] .s.d.r.c.RepositoryConfigurationDelegate : Finished Spring Data repository scanning in 73 ms. Found 1 JPA repository interfaces.
2022-11-15 23:22:10.137  INFO 5848 --- [main] o.s.b.w.embedded.tomcat.TomcatWebServer  : Tomcat initialized with port(s): 9999 (http)
2022-11-15 23:22:10.155  INFO 5848 --- [main] o.apache.catalina.core.StandardService   : Starting service [Tomcat]
2022-11-15 23:22:10.155  INFO 5848 --- [main] org.apache.catalina.core.StandardEngine  : Starting Servlet engine: [Apache Tomcat/9.0.68]
2022-11-15 23:22:10.594  INFO 5848 --- [main] org.apache.jasper.servlet.TldScanner     : At least one JAR was scanned for TLDs yet contained no TLDs. Enable debug logging for this logger for a complete list of JARs that were scanned but no TLDs were found in them. Skipping unneeded JARs during scanning can improve startup time and JSP compilation time.
2022-11-15 23:22:10.604  INFO 5848 --- [main] o.a.c.c.C.[Tomcat].[localhost].[/]       : Initializing Spring embedded WebApplicationContext
2022-11-15 23:22:10.604  INFO 5848 --- [main] w.s.c.ServletWebServerApplicationContext : Root WebApplicationContext: initialization completed in 2784 ms
2022-11-15 23:22:10.886  INFO 5848 --- [main] com.zaxxer.hikari.HikariDataSource       : HikariPool-1 - Starting...
2022-11-15 23:22:11.540  INFO 5848 --- [main] com.zaxxer.hikari.HikariDataSource       : HikariPool-1 - Start completed.
2022-11-15 23:22:11.646  INFO 5848 --- [main] o.hibernate.jpa.internal.util.LogHelper  : HHH000204: Processing PersistenceUnitInfo [name: default]
2022-11-15 23:22:11.858  INFO 5848 --- [main] org.hibernate.Version                    : HHH000412: Hibernate ORM core version 5.6.12.Final
2022-11-15 23:22:12.217  INFO 5848 --- [main] o.hibernate.annotations.common.Version   : HCANN000001: Hibernate Commons Annotations {5.1.2.Final}
2022-11-15 23:22:12.454  INFO 5848 --- [main] org.hibernate.dialect.Dialect            : HHH000400: Using dialect: org.hibernate.dialect.MySQL5Dialect
2022-11-15 23:22:13.468  INFO 5848 --- [main] o.h.e.t.j.p.i.JtaPlatformInitiator       : HHH000490: Using JtaPlatform implementation: [org.hibernate.engine.transaction.jta.platform.internal.NoJtaPlatform]
2022-11-15 23:22:13.488  INFO 5848 --- [main] j.LocalContainerEntityManagerFactoryBean : Initialized JPA EntityManagerFactory for persistence unit 'default'
2022-11-15 23:22:14.593  INFO 5848 --- [main] o.s.b.a.w.s.WelcomePageHandlerMapping    : Adding welcome page template: index
2022-11-15 23:22:14.969  INFO 5848 --- [main] o.s.b.w.embedded.tomcat.TomcatWebServer  : Tomcat started on port(s): 9999 (http) with context path ''
2022-11-15 23:22:14.985  INFO 5848 --- [main] c.f.springmvcboot.SpringMvcApplication   : Started SpringMvcApplication in 8.14 seconds (JVM running for 9.617)
2022-11-15 23:22:40.441  INFO 5848 --- [http-nio-9999-exec-2] o.a.c.c.C.[Tomcat].[localhost].[/]       : Initializing Spring DispatcherServlet 'dispatcherServlet'
2022-11-15 23:22:40.441  INFO 5848 --- [http-nio-9999-exec-2] o.s.web.servlet.DispatcherServlet        : Initializing Servlet 'dispatcherServlet'
2022-11-15 23:22:40.444  INFO 5848 --- [http-nio-9999-exec-2] o.s.web.servlet.DispatcherServlet        : Completed initialization in 3 ms
2022-11-15 23:22:40.499  INFO 5848 --- [http-nio-9999-exec-2] com.floppy.springmvcboot.LoggingAspects  : get Alien Executed from Aspect Class
2022-11-15 23:29:20.203  INFO 5848 --- [RMI TCP Connection(16)-127.0.0.1] inMXBeanRegistrar$SpringApplicationAdmin : Application shutdown requested.
2022-11-15 23:29:20.227  INFO 5848 --- [RMI TCP Connection(16)-127.0.0.1] o.apache.catalina.core.StandardService   : Stopping service [Tomcat]
2022-11-15 23:29:20.231  INFO 5848 --- [RMI TCP Connection(16)-127.0.0.1] o.a.c.c.C.[Tomcat].[localhost].[/]       : Destroying Spring FrameworkServlet 'dispatcherServlet'
2022-11-15 23:29:20.242  INFO 5848 --- [RMI TCP Connection(16)-127.0.0.1] j.LocalContainerEntityManagerFactoryBean : Closing JPA EntityManagerFactory for persistence unit 'default'
2022-11-15 23:29:20.247  INFO 5848 --- [RMI TCP Connection(16)-127.0.0.1] com.zaxxer.hikari.HikariDataSource       : HikariPool-1 - Shutdown initiated...
2022-11-15 23:29:20.261  INFO 5848 --- [RMI TCP Connection(16)-127.0.0.1] com.zaxxer.hikari.HikariDataSource       : HikariPool-1 - Shutdown completed.
